CRITICAL - 2020-07-05 05:53:31 --> Undefined variable: title
#0 C:\laragon\www\ci4app\app\Views\layouts\_header.php(12): CodeIgniter\Debug\Exceptions->errorHandler(8, 'Undefined varia...', 'C:\\laragon\\www\\...', 12, Array)
#1 C:\laragon\www\ci4app\vendor\codeigniter4\framework\system\View\View.php(246): include('C:\\laragon\\www\\...')
#2 C:\laragon\www\ci4app\vendor\codeigniter4\framework\system\Common.php(1087): CodeIgniter\View\View->render('layouts/_header', Array, true)
#3 C:\laragon\www\ci4app\app\Controllers\Pages.php(20): view('layouts/_header')
#4 C:\laragon\www\ci4app\vendor\codeigniter4\framework\system\CodeIgniter.php(914): App\Controllers\Pages->about()
#5 C:\laragon\www\ci4app\vendor\codeigniter4\framework\system\CodeIgniter.php(400): CodeIgniter\CodeIgniter->runController(Object(App\Controllers\Pages))
#6 C:\laragon\www\ci4app\vendor\codeigniter4\framework\system\CodeIgniter.php(308): CodeIgniter\CodeIgniter->handleRequest(NULL, Object(Config\Cache), false)
#7 C:\laragon\www\ci4app\public\index.php(45): CodeIgniter\CodeIgniter->run()
#8 C:\laragon\www\ci4app\vendor\codeigniter4\framework\system\Commands\Server\rewrite.php(34): require_once('C:\\laragon\\www\\...')
#9 {main}
CRITICAL - 2020-07-05 05:54:00 --> Undefined variable: title
#0 C:\laragon\www\ci4app\app\Views\layouts\_header.php(12): CodeIgniter\Debug\Exceptions->errorHandler(8, 'Undefined varia...', 'C:\\laragon\\www\\...', 12, Array)
#1 C:\laragon\www\ci4app\vendor\codeigniter4\framework\system\View\View.php(246): include('C:\\laragon\\www\\...')
#2 C:\laragon\www\ci4app\vendor\codeigniter4\framework\system\Common.php(1087): CodeIgniter\View\View->render('layouts/_header', Array, true)
#3 C:\laragon\www\ci4app\app\Controllers\Pages.php(24): view('layouts/_header')
#4 C:\laragon\www\ci4app\vendor\codeigniter4\framework\system\CodeIgniter.php(914): App\Controllers\Pages->about()
#5 C:\laragon\www\ci4app\vendor\codeigniter4\framework\system\CodeIgniter.php(400): CodeIgniter\CodeIgniter->runController(Object(App\Controllers\Pages))
#6 C:\laragon\www\ci4app\vendor\codeigniter4\framework\system\CodeIgniter.php(308): CodeIgniter\CodeIgniter->handleRequest(NULL, Object(Config\Cache), false)
#7 C:\laragon\www\ci4app\public\index.php(45): CodeIgniter\CodeIgniter->run()
#8 C:\laragon\www\ci4app\vendor\codeigniter4\framework\system\Commands\Server\rewrite.php(34): require_once('C:\\laragon\\www\\...')
#9 {main}
CRITICAL - 2020-07-05 06:47:05 --> View themes, no current section.
#0 C:\laragon\www\ci4app\app\Views\pages\home.php(11): CodeIgniter\View\View->endSection()
#1 C:\laragon\www\ci4app\vendor\codeigniter4\framework\system\View\View.php(246): include('C:\\laragon\\www\\...')
#2 C:\laragon\www\ci4app\vendor\codeigniter4\framework\system\Common.php(1087): CodeIgniter\View\View->render('pages/home', Array, true)
#3 C:\laragon\www\ci4app\app\Controllers\Pages.php(14): view('pages/home', Array)
#4 C:\laragon\www\ci4app\vendor\codeigniter4\framework\system\CodeIgniter.php(914): App\Controllers\Pages->index()
#5 C:\laragon\www\ci4app\vendor\codeigniter4\framework\system\CodeIgniter.php(400): CodeIgniter\CodeIgniter->runController(Object(App\Controllers\Pages))
#6 C:\laragon\www\ci4app\vendor\codeigniter4\framework\system\CodeIgniter.php(308): CodeIgniter\CodeIgniter->handleRequest(NULL, Object(Config\Cache), false)
#7 C:\laragon\www\ci4app\public\index.php(45): CodeIgniter\CodeIgniter->run()
#8 C:\laragon\www\ci4app\vendor\codeigniter4\framework\system\Commands\Server\rewrite.php(34): require_once('C:\\laragon\\www\\...')
#9 {main}
CRITICAL - 2020-07-05 06:47:36 --> View themes, no current section.
#0 C:\laragon\www\ci4app\app\Views\pages\home.php(11): CodeIgniter\View\View->endSection()
#1 C:\laragon\www\ci4app\vendor\codeigniter4\framework\system\View\View.php(246): include('C:\\laragon\\www\\...')
#2 C:\laragon\www\ci4app\vendor\codeigniter4\framework\system\Common.php(1087): CodeIgniter\View\View->render('pages/home', Array, true)
#3 C:\laragon\www\ci4app\app\Controllers\Pages.php(13): view('pages/home', Array)
#4 C:\laragon\www\ci4app\vendor\codeigniter4\framework\system\CodeIgniter.php(914): App\Controllers\Pages->index()
#5 C:\laragon\www\ci4app\vendor\codeigniter4\framework\system\CodeIgniter.php(400): CodeIgniter\CodeIgniter->runController(Object(App\Controllers\Pages))
#6 C:\laragon\www\ci4app\vendor\codeigniter4\framework\system\CodeIgniter.php(308): CodeIgniter\CodeIgniter->handleRequest(NULL, Object(Config\Cache), false)
#7 C:\laragon\www\ci4app\public\index.php(45): CodeIgniter\CodeIgniter->run()
#8 C:\laragon\www\ci4app\vendor\codeigniter4\framework\system\Commands\Server\rewrite.php(34): require_once('C:\\laragon\\www\\...')
#9 {main}
CRITICAL - 2020-07-05 06:54:26 --> Call to undefined method CodeIgniter\View\View::extends()
#0 C:\laragon\www\ci4app\vendor\codeigniter4\framework\system\View\View.php(246): include()
#1 C:\laragon\www\ci4app\vendor\codeigniter4\framework\system\Common.php(1087): CodeIgniter\View\View->render('pages/contact', Array, true)
#2 C:\laragon\www\ci4app\app\Controllers\Pages.php(31): view('pages/contact', Array)
#3 C:\laragon\www\ci4app\vendor\codeigniter4\framework\system\CodeIgniter.php(914): App\Controllers\Pages->contact()
#4 C:\laragon\www\ci4app\vendor\codeigniter4\framework\system\CodeIgniter.php(400): CodeIgniter\CodeIgniter->runController(Object(App\Controllers\Pages))
#5 C:\laragon\www\ci4app\vendor\codeigniter4\framework\system\CodeIgniter.php(308): CodeIgniter\CodeIgniter->handleRequest(NULL, Object(Config\Cache), false)
#6 C:\laragon\www\ci4app\public\index.php(45): CodeIgniter\CodeIgniter->run()
#7 C:\laragon\www\ci4app\vendor\codeigniter4\framework\system\Commands\Server\rewrite.php(34): require_once('C:\\laragon\\www\\...')
#8 {main}
CRITICAL - 2020-07-05 06:54:39 --> Invalid file: layouts/_templates.php
#0 C:\laragon\www\ci4app\vendor\codeigniter4\framework\system\View\View.php(228): CodeIgniter\Exceptions\FrameworkException::forInvalidFile('layouts/_templa...')
#1 C:\laragon\www\ci4app\vendor\codeigniter4\framework\system\View\View.php(257): CodeIgniter\View\View->render('layouts/_templa...', Array, true)
#2 C:\laragon\www\ci4app\vendor\codeigniter4\framework\system\Common.php(1087): CodeIgniter\View\View->render('pages/contact', Array, true)
#3 C:\laragon\www\ci4app\app\Controllers\Pages.php(31): view('pages/contact', Array)
#4 C:\laragon\www\ci4app\vendor\codeigniter4\framework\system\CodeIgniter.php(914): App\Controllers\Pages->contact()
#5 C:\laragon\www\ci4app\vendor\codeigniter4\framework\system\CodeIgniter.php(400): CodeIgniter\CodeIgniter->runController(Object(App\Controllers\Pages))
#6 C:\laragon\www\ci4app\vendor\codeigniter4\framework\system\CodeIgniter.php(308): CodeIgniter\CodeIgniter->handleRequest(NULL, Object(Config\Cache), false)
#7 C:\laragon\www\ci4app\public\index.php(45): CodeIgniter\CodeIgniter->run()
#8 C:\laragon\www\ci4app\vendor\codeigniter4\framework\system\Commands\Server\rewrite.php(34): require_once('C:\\laragon\\www\\...')
#9 {main}
CRITICAL - 2020-07-05 08:39:14 --> Undefined variable: comik
#0 C:\laragon\www\ci4app\app\Views\comics\index.php(18): CodeIgniter\Debug\Exceptions->errorHandler(8, 'Undefined varia...', 'C:\\laragon\\www\\...', 18, Array)
#1 C:\laragon\www\ci4app\vendor\codeigniter4\framework\system\View\View.php(246): include('C:\\laragon\\www\\...')
#2 C:\laragon\www\ci4app\vendor\codeigniter4\framework\system\Common.php(1087): CodeIgniter\View\View->render('comics/index', Array, true)
#3 C:\laragon\www\ci4app\app\Controllers\Comics.php(28): view('comics/index', Array)
#4 C:\laragon\www\ci4app\vendor\codeigniter4\framework\system\CodeIgniter.php(914): App\Controllers\Comics->index()
#5 C:\laragon\www\ci4app\vendor\codeigniter4\framework\system\CodeIgniter.php(400): CodeIgniter\CodeIgniter->runController(Object(App\Controllers\Comics))
#6 C:\laragon\www\ci4app\vendor\codeigniter4\framework\system\CodeIgniter.php(308): CodeIgniter\CodeIgniter->handleRequest(NULL, Object(Config\Cache), false)
#7 C:\laragon\www\ci4app\public\index.php(45): CodeIgniter\CodeIgniter->run()
#8 C:\laragon\www\ci4app\vendor\codeigniter4\framework\system\Commands\Server\rewrite.php(34): require_once('C:\\laragon\\www\\...')
#9 {main}
CRITICAL - 2020-07-05 08:39:26 --> Undefined variable: comik
#0 C:\laragon\www\ci4app\app\Views\comics\index.php(18): CodeIgniter\Debug\Exceptions->errorHandler(8, 'Undefined varia...', 'C:\\laragon\\www\\...', 18, Array)
#1 C:\laragon\www\ci4app\vendor\codeigniter4\framework\system\View\View.php(246): include('C:\\laragon\\www\\...')
#2 C:\laragon\www\ci4app\vendor\codeigniter4\framework\system\Common.php(1087): CodeIgniter\View\View->render('comics/index', Array, true)
#3 C:\laragon\www\ci4app\app\Controllers\Comics.php(28): view('comics/index', Array)
#4 C:\laragon\www\ci4app\vendor\codeigniter4\framework\system\CodeIgniter.php(914): App\Controllers\Comics->index()
#5 C:\laragon\www\ci4app\vendor\codeigniter4\framework\system\CodeIgniter.php(400): CodeIgniter\CodeIgniter->runController(Object(App\Controllers\Comics))
#6 C:\laragon\www\ci4app\vendor\codeigniter4\framework\system\CodeIgniter.php(308): CodeIgniter\CodeIgniter->handleRequest(NULL, Object(Config\Cache), false)
#7 C:\laragon\www\ci4app\public\index.php(45): CodeIgniter\CodeIgniter->run()
#8 C:\laragon\www\ci4app\vendor\codeigniter4\framework\system\Commands\Server\rewrite.php(34): require_once('C:\\laragon\\www\\...')
#9 {main}
CRITICAL - 2020-07-05 08:39:28 --> Undefined variable: comik
#0 C:\laragon\www\ci4app\app\Views\comics\index.php(18): CodeIgniter\Debug\Exceptions->errorHandler(8, 'Undefined varia...', 'C:\\laragon\\www\\...', 18, Array)
#1 C:\laragon\www\ci4app\vendor\codeigniter4\framework\system\View\View.php(246): include('C:\\laragon\\www\\...')
#2 C:\laragon\www\ci4app\vendor\codeigniter4\framework\system\Common.php(1087): CodeIgniter\View\View->render('comics/index', Array, true)
#3 C:\laragon\www\ci4app\app\Controllers\Comics.php(28): view('comics/index', Array)
#4 C:\laragon\www\ci4app\vendor\codeigniter4\framework\system\CodeIgniter.php(914): App\Controllers\Comics->index()
#5 C:\laragon\www\ci4app\vendor\codeigniter4\framework\system\CodeIgniter.php(400): CodeIgniter\CodeIgniter->runController(Object(App\Controllers\Comics))
#6 C:\laragon\www\ci4app\vendor\codeigniter4\framework\system\CodeIgniter.php(308): CodeIgniter\CodeIgniter->handleRequest(NULL, Object(Config\Cache), false)
#7 C:\laragon\www\ci4app\public\index.php(45): CodeIgniter\CodeIgniter->run()
#8 C:\laragon\www\ci4app\vendor\codeigniter4\framework\system\Commands\Server\rewrite.php(34): require_once('C:\\laragon\\www\\...')
#9 {main}
CRITICAL - 2020-07-05 08:39:47 --> Undefined variable: comic
#0 C:\laragon\www\ci4app\app\Views\comics\index.php(18): CodeIgniter\Debug\Exceptions->errorHandler(8, 'Undefined varia...', 'C:\\laragon\\www\\...', 18, Array)
#1 C:\laragon\www\ci4app\vendor\codeigniter4\framework\system\View\View.php(246): include('C:\\laragon\\www\\...')
#2 C:\laragon\www\ci4app\vendor\codeigniter4\framework\system\Common.php(1087): CodeIgniter\View\View->render('comics/index', Array, true)
#3 C:\laragon\www\ci4app\app\Controllers\Comics.php(28): view('comics/index', Array)
#4 C:\laragon\www\ci4app\vendor\codeigniter4\framework\system\CodeIgniter.php(914): App\Controllers\Comics->index()
#5 C:\laragon\www\ci4app\vendor\codeigniter4\framework\system\CodeIgniter.php(400): CodeIgniter\CodeIgniter->runController(Object(App\Controllers\Comics))
#6 C:\laragon\www\ci4app\vendor\codeigniter4\framework\system\CodeIgniter.php(308): CodeIgniter\CodeIgniter->handleRequest(NULL, Object(Config\Cache), false)
#7 C:\laragon\www\ci4app\public\index.php(45): CodeIgniter\CodeIgniter->run()
#8 C:\laragon\www\ci4app\vendor\codeigniter4\framework\system\Commands\Server\rewrite.php(34): require_once('C:\\laragon\\www\\...')
#9 {main}
CRITICAL - 2020-07-05 10:07:30 --> Call to undefined function crsf_field()
#0 C:\laragon\www\ci4app\vendor\codeigniter4\framework\system\View\View.php(246): include()
#1 C:\laragon\www\ci4app\vendor\codeigniter4\framework\system\Common.php(1087): CodeIgniter\View\View->render('comics/create', Array, true)
#2 C:\laragon\www\ci4app\app\Controllers\Comics.php(43): view('comics/create', Array)
#3 C:\laragon\www\ci4app\vendor\codeigniter4\framework\system\CodeIgniter.php(914): App\Controllers\Comics->create()
#4 C:\laragon\www\ci4app\vendor\codeigniter4\framework\system\CodeIgniter.php(400): CodeIgniter\CodeIgniter->runController(Object(App\Controllers\Comics))
#5 C:\laragon\www\ci4app\vendor\codeigniter4\framework\system\CodeIgniter.php(308): CodeIgniter\CodeIgniter->handleRequest(NULL, Object(Config\Cache), false)
#6 C:\laragon\www\ci4app\public\index.php(45): CodeIgniter\CodeIgniter->run()
#7 C:\laragon\www\ci4app\vendor\codeigniter4\framework\system\Commands\Server\rewrite.php(34): require_once('C:\\laragon\\www\\...')
#8 {main}
CRITICAL - 2020-07-05 10:28:50 --> Allowed fields must be specified for model: App\Models\ComicsModel
#0 C:\laragon\www\ci4app\vendor\codeigniter4\framework\system\Model.php(1234): CodeIgniter\Database\Exceptions\DataException::forInvalidAllowedFields('App\\Models\\Comi...')
#1 C:\laragon\www\ci4app\vendor\codeigniter4\framework\system\Model.php(709): CodeIgniter\Model->doProtectFields(Array)
#2 C:\laragon\www\ci4app\vendor\codeigniter4\framework\system\Model.php(557): CodeIgniter\Model->insert(Array, false)
#3 C:\laragon\www\ci4app\app\Controllers\Comics.php(59): CodeIgniter\Model->save(Array)
#4 C:\laragon\www\ci4app\vendor\codeigniter4\framework\system\CodeIgniter.php(914): App\Controllers\Comics->save()
#5 C:\laragon\www\ci4app\vendor\codeigniter4\framework\system\CodeIgniter.php(400): CodeIgniter\CodeIgniter->runController(Object(App\Controllers\Comics))
#6 C:\laragon\www\ci4app\vendor\codeigniter4\framework\system\CodeIgniter.php(308): CodeIgniter\CodeIgniter->handleRequest(NULL, Object(Config\Cache), false)
#7 C:\laragon\www\ci4app\public\index.php(45): CodeIgniter\CodeIgniter->run()
#8 C:\laragon\www\ci4app\vendor\codeigniter4\framework\system\Commands\Server\rewrite.php(34): require_once('C:\\laragon\\www\\...')
#9 {main}
CRITICAL - 2020-07-05 10:36:46 --> syntax error, unexpected 'return' (T_RETURN)
#0 C:\laragon\www\ci4app\vendor\codeigniter4\framework\system\Router\Router.php(192): CodeIgniter\Router\Router->autoRoute('comics')
#1 C:\laragon\www\ci4app\vendor\codeigniter4\framework\system\CodeIgniter.php(789): CodeIgniter\Router\Router->handle('comics')
#2 C:\laragon\www\ci4app\vendor\codeigniter4\framework\system\CodeIgniter.php(360): CodeIgniter\CodeIgniter->tryToRouteIt(Object(CodeIgniter\Router\RouteCollection))
#3 C:\laragon\www\ci4app\vendor\codeigniter4\framework\system\CodeIgniter.php(308): CodeIgniter\CodeIgniter->handleRequest(NULL, Object(Config\Cache), false)
#4 C:\laragon\www\ci4app\public\index.php(45): CodeIgniter\CodeIgniter->run()
#5 C:\laragon\www\ci4app\vendor\codeigniter4\framework\system\Commands\Server\rewrite.php(34): require_once('C:\\laragon\\www\\...')
#6 {main}
